0 verbose cli C:\Program Files\nodejs\node.exe C:\Program Files\nodejs\node_modules\npm\bin\npm-cli.js
1 info using npm@10.7.0
2 info using node@v20.15.1
3 silly config:load:file:C:\Program Files\nodejs\node_modules\npm\npmrc
4 silly config:load:file:C:\Users\vishwadeepak sharma\Documents\lohiaGroup\LohiaCorp\.npmrc
5 silly config:load:file:C:\Users\vishwadeepak sharma\.npmrc
6 silly config:load:file:C:\Users\vishwadeepak sharma\AppData\Roaming\npm\etc\npmrc
7 verbose title npm start
8 verbose argv "start" "--cache" "clean"
9 verbose logfile logs-max:10 dir:C:\Users\vishwadeepak sharma\Documents\lohiaGroup\LohiaCorp\clean\_logs\2024-09-13T17_40_11_828Z-
10 verbose logfile C:\Users\vishwadeepak sharma\Documents\lohiaGroup\LohiaCorp\clean\_logs\2024-09-13T17_40_11_828Z-debug-0.log
11 silly logfile done cleaning log files
12 http fetch GET 200 https://registry.npmjs.org/npm 229ms
13 notice
13 notice New [33mminor[39m version of npm available! [33m10.7.0[39m -> [34m10.8.3[39m
13 notice Changelog: [34mhttps://github.com/npm/cli/releases/tag/v10.8.3[39m
13 notice To update run: [4mnpm install -g npm@10.8.3[24m
13 notice  { force: true, [Symbol(proc-log.meta)]: true }
14 verbose exit 0
15 info ok
